[0.000000] (-) TimerEvent: {}
[0.000196] (lab1_pkg) JobQueued: {'identifier': 'lab1_pkg', 'dependencies': OrderedDict()}
[0.000237] (lab1_pkg) JobStarted: {'identifier': 'lab1_pkg'}
[0.005328] (lab1_pkg) JobProgress: {'identifier': 'lab1_pkg', 'progress': 'cmake'}
[0.005647] (lab1_pkg) JobProgress: {'identifier': 'lab1_pkg', 'progress': 'build'}
[0.006184] (lab1_pkg) Command: {'cmd': ['/usr/bin/cmake', '--build', '/home/emanuel/UAH/TFG/ROS2-tutorial/lab_1/build/lab1_pkg', '--', '-j12', '-l12'], 'cwd': '/home/emanuel/UAH/TFG/ROS2-tutorial/lab_1/build/lab1_pkg', 'env': OrderedDict([('LESSOPEN', '| /usr/bin/lesspipe %s'), ('USER', 'emanuel'), ('XDG_SESSION_TYPE', 'wayland'), ('SHLVL', '1'), ('LD_LIBRARY_PATH', '/opt/ros/humble/opt/rviz_ogre_vendor/lib:/opt/ros/humble/lib/x86_64-linux-gnu:/opt/ros/humble/lib'), ('HOME', '/home/emanuel'), ('OLDPWD', '/home/emanuel/UAH/TFG/ROS2-tutorial/lab_1/src/lab1_pkg'), ('DESKTOP_SESSION', 'ubuntu'), ('ROS_PYTHON_VERSION', '3'), ('GNOME_SHELL_SESSION_MODE', 'ubuntu'), ('GTK_MODULES', 'gail:atk-bridge'), ('SYSTEMD_EXEC_PID', '2579'), ('DBUS_SESSION_BUS_ADDRESS', 'unix:path=/run/user/1000/bus'), ('COLORTERM', 'truecolor'), ('IM_CONFIG_PHASE', '1'), ('WAYLAND_DISPLAY', 'wayland-0'), ('COLCON_PREFIX_PATH', '/home/emanuel/UAH/TFG/ROS2-tutorial/lab_1/install'), ('ROS_DISTRO', 'humble'), ('LOGNAME', 'emanuel'), ('_', '/usr/bin/colcon'), ('ROS_VERSION', '2'), ('XDG_SESSION_CLASS', 'user'), ('USERNAME', 'emanuel'), ('TERM', 'xterm-256color'), ('GNOME_DESKTOP_SESSION_ID', 'this-is-deprecated'), ('ROS_LOCALHOST_ONLY', '0'), ('PATH', '/opt/ros/humble/bin:/home/emanuel/bin:/usr/local/sbin:/usr/local/bin:/usr/sbin:/usr/bin:/sbin:/bin:/usr/games:/usr/local/games:/snap/bin:/snap/bin'), ('SESSION_MANAGER', 'local/emanuel-book3:@/tmp/.ICE-unix/2057,unix/emanuel-book3:/tmp/.ICE-unix/2057'), ('XDG_MENU_PREFIX', 'gnome-'), ('GNOME_TERMINAL_SCREEN', '/org/gnome/Terminal/screen/adfdc70a_ee28_4897_959e_106205deac3b'), ('GNOME_SETUP_DISPLAY', ':1'), ('XDG_RUNTIME_DIR', '/run/user/1000'), ('DISPLAY', ':0'), ('LANG', 'en_US.UTF-8'), ('XDG_CURRENT_DESKTOP', 'ubuntu:GNOME'), ('XMODIFIERS', '@im=ibus'), ('XDG_SESSION_DESKTOP', 'ubuntu'), ('XAUTHORITY', '/run/user/1000/.mutter-Xwaylandauth.IOHH12'), ('LS_COLORS', 'rs=0:di=01;34:ln=01;36:mh=00:pi=40;33:so=01;35:do=01;35:bd=40;33;01:cd=40;33;01:or=40;31;01:mi=00:su=37;41:sg=30;43:ca=30;41:tw=30;42:ow=34;42:st=37;44:ex=01;32:*.tar=01;31:*.tgz=01;31:*.arc=01;31:*.arj=01;31:*.taz=01;31:*.lha=01;31:*.lz4=01;31:*.lzh=01;31:*.lzma=01;31:*.tlz=01;31:*.txz=01;31:*.tzo=01;31:*.t7z=01;31:*.zip=01;31:*.z=01;31:*.dz=01;31:*.gz=01;31:*.lrz=01;31:*.lz=01;31:*.lzo=01;31:*.xz=01;31:*.zst=01;31:*.tzst=01;31:*.bz2=01;31:*.bz=01;31:*.tbz=01;31:*.tbz2=01;31:*.tz=01;31:*.deb=01;31:*.rpm=01;31:*.jar=01;31:*.war=01;31:*.ear=01;31:*.sar=01;31:*.rar=01;31:*.alz=01;31:*.ace=01;31:*.zoo=01;31:*.cpio=01;31:*.7z=01;31:*.rz=01;31:*.cab=01;31:*.wim=01;31:*.swm=01;31:*.dwm=01;31:*.esd=01;31:*.jpg=01;35:*.jpeg=01;35:*.mjpg=01;35:*.mjpeg=01;35:*.gif=01;35:*.bmp=01;35:*.pbm=01;35:*.pgm=01;35:*.ppm=01;35:*.tga=01;35:*.xbm=01;35:*.xpm=01;35:*.tif=01;35:*.tiff=01;35:*.png=01;35:*.svg=01;35:*.svgz=01;35:*.mng=01;35:*.pcx=01;35:*.mov=01;35:*.mpg=01;35:*.mpeg=01;35:*.m2v=01;35:*.mkv=01;35:*.webm=01;35:*.webp=01;35:*.ogm=01;35:*.mp4=01;35:*.m4v=01;35:*.mp4v=01;35:*.vob=01;35:*.qt=01;35:*.nuv=01;35:*.wmv=01;35:*.asf=01;35:*.rm=01;35:*.rmvb=01;35:*.flc=01;35:*.avi=01;35:*.fli=01;35:*.flv=01;35:*.gl=01;35:*.dl=01;35:*.xcf=01;35:*.xwd=01;35:*.yuv=01;35:*.cgm=01;35:*.emf=01;35:*.ogv=01;35:*.ogx=01;35:*.aac=00;36:*.au=00;36:*.flac=00;36:*.m4a=00;36:*.mid=00;36:*.midi=00;36:*.mka=00;36:*.mp3=00;36:*.mpc=00;36:*.ogg=00;36:*.ra=00;36:*.wav=00;36:*.oga=00;36:*.opus=00;36:*.spx=00;36:*.xspf=00;36:'), ('GNOME_TERMINAL_SERVICE', ':1.252'), ('SSH_AGENT_LAUNCHER', 'gnome-keyring'), ('SSH_AUTH_SOCK', '/run/user/1000/keyring/ssh'), ('AMENT_PREFIX_PATH', '/opt/ros/humble'), ('SHELL', '/bin/bash'), ('QT_ACCESSIBILITY', '1'), ('GDMSESSION', 'ubuntu'), ('LESSCLOSE', '/usr/bin/lesspipe %s %s'), ('QT_IM_MODULE', 'ibus'), ('PWD', '/home/emanuel/UAH/TFG/ROS2-tutorial/lab_1/build/lab1_pkg'), ('LC_ALL', 'en_US.UTF-8'), ('XDG_CONFIG_DIRS', '/etc/xdg/xdg-ubuntu:/etc/xdg'), ('XDG_DATA_DIRS', '/usr/share/ubuntu:/usr/local/share/:/usr/share/:/var/lib/snapd/desktop'), ('PYTHONPATH', '/opt/ros/humble/lib/python3.10/site-packages:/opt/ros/humble/local/lib/python3.10/dist-packages'), ('COLCON', '1'), ('VTE_VERSION', '6800'), ('CMAKE_PREFIX_PATH', '/opt/ros/humble')]), 'shell': False}
[0.033511] (lab1_pkg) StdoutLine: {'line': b'-- Found ament_cmake: 1.3.11 (/opt/ros/humble/share/ament_cmake/cmake)\n'}
[0.099494] (-) TimerEvent: {}
[0.152079] (lab1_pkg) StdoutLine: {'line': b'-- Found rclcpp: 16.0.11 (/opt/ros/humble/share/rclcpp/cmake)\n'}
[0.171488] (lab1_pkg) StdoutLine: {'line': b'-- Found rosidl_generator_c: 3.1.6 (/opt/ros/humble/share/rosidl_generator_c/cmake)\n'}
[0.173076] (lab1_pkg) StdoutLine: {'line': b'-- Found rosidl_adapter: 3.1.6 (/opt/ros/humble/share/rosidl_adapter/cmake)\n'}
[0.176799] (lab1_pkg) StdoutLine: {'line': b'-- Found rosidl_generator_cpp: 3.1.6 (/opt/ros/humble/share/rosidl_generator_cpp/cmake)\n'}
[0.182838] (lab1_pkg) StdoutLine: {'line': b'-- Using all available rosidl_typesupport_c: rosidl_typesupport_fastrtps_c;rosidl_typesupport_introspection_c\n'}
[0.190615] (lab1_pkg) StdoutLine: {'line': b'-- Using all available rosidl_typesupport_cpp: rosidl_typesupport_fastrtps_cpp;rosidl_typesupport_introspection_cpp\n'}
[0.199565] (-) TimerEvent: {}
[0.210932] (lab1_pkg) StdoutLine: {'line': b'-- Found rmw_implementation_cmake: 6.1.2 (/opt/ros/humble/share/rmw_implementation_cmake/cmake)\n'}
[0.211972] (lab1_pkg) StdoutLine: {'line': b'-- Found rmw_fastrtps_cpp: 6.2.7 (/opt/ros/humble/share/rmw_fastrtps_cpp/cmake)\n'}
[0.279210] (lab1_pkg) StdoutLine: {'line': b"-- Using RMW implementation 'rmw_fastrtps_cpp' as default\n"}
[0.299752] (-) TimerEvent: {}
[0.310189] (lab1_pkg) StdoutLine: {'line': b'-- Found rclpy: 3.3.15 (/opt/ros/humble/share/rclpy/cmake)\n'}
[0.310287] (lab1_pkg) StdoutLine: {'line': b'-- Found ackermann_msgs: 2.0.2 (/opt/ros/humble/share/ackermann_msgs/cmake)\n'}
[0.321219] (lab1_pkg) StdoutLine: {'line': b'-- Found ament_lint_auto: 0.12.11 (/opt/ros/humble/share/ament_lint_auto/cmake)\n'}
[0.377671] (lab1_pkg) StdoutLine: {'line': b"-- Added test 'cppcheck' to perform static code analysis on C / C++ code\n"}
[0.377828] (lab1_pkg) StdoutLine: {'line': b'-- Configured cppcheck include dirs: \n'}
[0.377888] (lab1_pkg) StdoutLine: {'line': b'-- Configured cppcheck exclude dirs and/or files: \n'}
[0.379227] (lab1_pkg) StdoutLine: {'line': b"-- Added test 'lint_cmake' to check CMake code style\n"}
[0.382382] (lab1_pkg) StdoutLine: {'line': b"-- Added test 'uncrustify' to check C / C++ code style\n"}
[0.382468] (lab1_pkg) StdoutLine: {'line': b'-- Configured uncrustify additional arguments: \n'}
[0.383153] (lab1_pkg) StdoutLine: {'line': b"-- Added test 'xmllint' to check XML markup files\n"}
[0.383583] (lab1_pkg) StdoutLine: {'line': b'-- Configuring done\n'}
[0.390273] (lab1_pkg) StdoutLine: {'line': b'-- Generating done\n'}
[0.393312] (lab1_pkg) StdoutLine: {'line': b'-- Build files have been written to: /home/emanuel/UAH/TFG/ROS2-tutorial/lab_1/build/lab1_pkg\n'}
[0.399962] (-) TimerEvent: {}
[0.425708] (lab1_pkg) StdoutLine: {'line': b'[ 25%] \x1b[32mBuilding CXX object CMakeFiles/talker.dir/src/talker.cpp.o\x1b[0m\n'}
[0.432352] (lab1_pkg) StdoutLine: {'line': b'[ 50%] \x1b[32mBuilding CXX object CMakeFiles/relay.dir/src/relay.cpp.o\x1b[0m\n'}
[0.500192] (-) TimerEvent: {}
[0.600617] (-) TimerEvent: {}
[0.701062] (-) TimerEvent: {}
[0.801454] (-) TimerEvent: {}
[0.901867] (-) TimerEvent: {}
[1.002308] (-) TimerEvent: {}
[1.102736] (-) TimerEvent: {}
[1.203155] (-) TimerEvent: {}
[1.303593] (-) TimerEvent: {}
[1.404043] (-) TimerEvent: {}
[1.504479] (-) TimerEvent: {}
[1.604879] (-) TimerEvent: {}
[1.705312] (-) TimerEvent: {}
[1.805750] (-) TimerEvent: {}
[1.906212] (-) TimerEvent: {}
[1.953803] (lab1_pkg) StderrLine: {'line': b'\x1b[01m\x1b[K/home/emanuel/UAH/TFG/ROS2-tutorial/lab_1/src/lab1_pkg/src/relay.cpp:35:2:\x1b[m\x1b[K \x1b[01;31m\x1b[Kerror: \x1b[m\x1b[Kexpected \xe2\x80\x98\x1b[01m\x1b[K;\x1b[m\x1b[K\xe2\x80\x99 after class definition\n'}
[1.954105] (lab1_pkg) StderrLine: {'line': b'   35 | }\n'}
[1.954213] (lab1_pkg) StderrLine: {'line': b'      |  \x1b[01;31m\x1b[K^\x1b[m\x1b[K\n'}
[1.954307] (lab1_pkg) StderrLine: {'line': b'      |  \x1b[32m\x1b[K;\x1b[m\x1b[K\n'}
[1.956359] (lab1_pkg) StderrLine: {'line': b'\x1b[01m\x1b[K/home/emanuel/UAH/TFG/ROS2-tutorial/lab_1/src/lab1_pkg/src/talker.cpp:\x1b[m\x1b[K In constructor \xe2\x80\x98\x1b[01m\x1b[KTalker::Talker()\x1b[m\x1b[K\xe2\x80\x99:\n'}
[1.956575] (lab1_pkg) StderrLine: {'line': b'\x1b[01m\x1b[K/home/emanuel/UAH/TFG/ROS2-tutorial/lab_1/src/lab1_pkg/src/talker.cpp:12:13:\x1b[m\x1b[K \x1b[01;31m\x1b[Kerror: \x1b[m\x1b[K\xe2\x80\x98\x1b[01m\x1b[Kspeed_\x1b[m\x1b[K\xe2\x80\x99 was not declared in this scope\n'}
[1.956666] (lab1_pkg) StderrLine: {'line': b'   12 |             \x1b[01;31m\x1b[Kspeed_\x1b[m\x1b[K = this->get_parameter("v").as_double();\n'}
[1.956747] (lab1_pkg) StderrLine: {'line': b'      |             \x1b[01;31m\x1b[K^~~~~~\x1b[m\x1b[K\n'}
[1.959137] (lab1_pkg) StderrLine: {'line': b'\x1b[01m\x1b[K/home/emanuel/UAH/TFG/ROS2-tutorial/lab_1/src/lab1_pkg/src/relay.cpp:\x1b[m\x1b[K In constructor \xe2\x80\x98\x1b[01m\x1b[KRelay::Relay()\x1b[m\x1b[K\xe2\x80\x99:\n'}
[1.959352] (lab1_pkg) StderrLine: {'line': b'\x1b[01m\x1b[K/home/emanuel/UAH/TFG/ROS2-tutorial/lab_1/src/lab1_pkg/src/relay.cpp:8:13:\x1b[m\x1b[K \x1b[01;31m\x1b[Kerror: \x1b[m\x1b[K\xe2\x80\x98\x1b[01m\x1b[Ksubscription_\x1b[m\x1b[K\xe2\x80\x99 was not declared in this scope; did you mean \xe2\x80\x98\x1b[01m\x1b[Krmw_subscription_t\x1b[m\x1b[K\xe2\x80\x99?\n'}
[1.959444] (lab1_pkg) StderrLine: {'line': b'    8 |             \x1b[01;31m\x1b[Ksubscription_\x1b[m\x1b[K = this->create_subscription<ackermann_msgs::msg::AckermannDriveStamped>(\n'}
[1.959526] (lab1_pkg) StderrLine: {'line': b'      |             \x1b[01;31m\x1b[K^~~~~~~~~~~~~\x1b[m\x1b[K\n'}
[1.959606] (lab1_pkg) StderrLine: {'line': b'      |             \x1b[32m\x1b[Krmw_subscription_t\x1b[m\x1b[K\n'}
[1.960103] (lab1_pkg) StderrLine: {'line': b'\x1b[01m\x1b[K/home/emanuel/UAH/TFG/ROS2-tutorial/lab_1/src/lab1_pkg/src/talker.cpp:13:13:\x1b[m\x1b[K \x1b[01;31m\x1b[Kerror: \x1b[m\x1b[K\xe2\x80\x98\x1b[01m\x1b[Kangle_\x1b[m\x1b[K\xe2\x80\x99 was not declared in this scope\n'}
[1.960319] (lab1_pkg) StderrLine: {'line': b'   13 |             \x1b[01;31m\x1b[Kangle_\x1b[m\x1b[K = this->get_parameter("d").as_double();\n'}
[1.960409] (lab1_pkg) StderrLine: {'line': b'      |             \x1b[01;31m\x1b[K^~~~~~\x1b[m\x1b[K\n'}
[1.964372] (lab1_pkg) StderrLine: {'line': b'\x1b[01m\x1b[K/home/emanuel/UAH/TFG/ROS2-tutorial/lab_1/src/lab1_pkg/src/talker.cpp:16:13:\x1b[m\x1b[K \x1b[01;31m\x1b[Kerror: \x1b[m\x1b[K\xe2\x80\x98\x1b[01m\x1b[Kpublisher_\x1b[m\x1b[K\xe2\x80\x99 was not declared in this scope; did you mean \xe2\x80\x98\x1b[01m\x1b[Krmw_publisher_t\x1b[m\x1b[K\xe2\x80\x99?\n'}
[1.964583] (lab1_pkg) StderrLine: {'line': b'   16 |             \x1b[01;31m\x1b[Kpublisher_\x1b[m\x1b[K = this->create_publisher<ackermann_msgs::msg::AckermannDriveStamped>("drive", 10);\n'}
[1.964684] (lab1_pkg) StderrLine: {'line': b'      |             \x1b[01;31m\x1b[K^~~~~~~~~~\x1b[m\x1b[K\n'}
[1.964763] (lab1_pkg) StderrLine: {'line': b'      |             \x1b[32m\x1b[Krmw_publisher_t\x1b[m\x1b[K\n'}
[1.970565] (lab1_pkg) StderrLine: {'line': b'\x1b[01m\x1b[K/home/emanuel/UAH/TFG/ROS2-tutorial/lab_1/src/lab1_pkg/src/talker.cpp:19:13:\x1b[m\x1b[K \x1b[01;31m\x1b[Kerror: \x1b[m\x1b[K\xe2\x80\x98\x1b[01m\x1b[Ktimer_\x1b[m\x1b[K\xe2\x80\x99 was not declared in this scope; did you mean \xe2\x80\x98\x1b[01m\x1b[Ktimer_t\x1b[m\x1b[K\xe2\x80\x99?\n'}
[1.970763] (lab1_pkg) StderrLine: {'line': b'   19 |             \x1b[01;31m\x1b[Ktimer_\x1b[m\x1b[K = this->create_wall_timer(std::chrono::seconds(1000), std::bind(&Talker::publish_message, this));\n'}
[1.970845] (lab1_pkg) StderrLine: {'line': b'      |             \x1b[01;31m\x1b[K^~~~~~\x1b[m\x1b[K\n'}
[1.970952] (lab1_pkg) StderrLine: {'line': b'      |             \x1b[32m\x1b[Ktimer_t\x1b[m\x1b[K\n'}
[1.980092] (lab1_pkg) StderrLine: {'line': b'\x1b[01m\x1b[K/home/emanuel/UAH/TFG/ROS2-tutorial/lab_1/src/lab1_pkg/src/talker.cpp:\x1b[m\x1b[K In member function \xe2\x80\x98\x1b[01m\x1b[Kvoid Talker::publish_message()\x1b[m\x1b[K\xe2\x80\x99:\n'}
[1.980298] (lab1_pkg) StderrLine: {'line': b'\x1b[01m\x1b[K/home/emanuel/UAH/TFG/ROS2-tutorial/lab_1/src/lab1_pkg/src/talker.cpp:26:31:\x1b[m\x1b[K \x1b[01;31m\x1b[Kerror: \x1b[m\x1b[K\xe2\x80\x98\x1b[01m\x1b[Kspeed_\x1b[m\x1b[K\xe2\x80\x99 was not declared in this scope\n'}
[1.980389] (lab1_pkg) StderrLine: {'line': b'   26 |             msg.drive.speed = \x1b[01;31m\x1b[Kspeed_\x1b[m\x1b[K;\n'}
[1.980470] (lab1_pkg) StderrLine: {'line': b'      |                               \x1b[01;31m\x1b[K^~~~~~\x1b[m\x1b[K\n'}
[1.983535] (lab1_pkg) StderrLine: {'line': b'\x1b[01m\x1b[K/home/emanuel/UAH/TFG/ROS2-tutorial/lab_1/src/lab1_pkg/src/talker.cpp:27:40:\x1b[m\x1b[K \x1b[01;31m\x1b[Kerror: \x1b[m\x1b[K\xe2\x80\x98\x1b[01m\x1b[Kangle_\x1b[m\x1b[K\xe2\x80\x99 was not declared in this scope\n'}
[1.983734] (lab1_pkg) StderrLine: {'line': b'   27 |             msg.drive.steering_angle = \x1b[01;31m\x1b[Kangle_\x1b[m\x1b[K;\n'}
[1.983822] (lab1_pkg) StderrLine: {'line': b'      |                                        \x1b[01;31m\x1b[K^~~~~~\x1b[m\x1b[K\n'}
[1.987643] (lab1_pkg) StderrLine: {'line': b'\x1b[01m\x1b[K/home/emanuel/UAH/TFG/ROS2-tutorial/lab_1/src/lab1_pkg/src/talker.cpp:29:13:\x1b[m\x1b[K \x1b[01;31m\x1b[Kerror: \x1b[m\x1b[K\xe2\x80\x98\x1b[01m\x1b[Kpublisher_\x1b[m\x1b[K\xe2\x80\x99 was not declared in this scope; did you mean \xe2\x80\x98\x1b[01m\x1b[Krmw_publisher_t\x1b[m\x1b[K\xe2\x80\x99?\n'}
[1.987845] (lab1_pkg) StderrLine: {'line': b'   29 |             \x1b[01;31m\x1b[Kpublisher_\x1b[m\x1b[K->publish(msg);\n'}
[1.987940] (lab1_pkg) StderrLine: {'line': b'      |             \x1b[01;31m\x1b[K^~~~~~~~~~\x1b[m\x1b[K\n'}
[1.988028] (lab1_pkg) StderrLine: {'line': b'      |             \x1b[32m\x1b[Krmw_publisher_t\x1b[m\x1b[K\n'}
[1.993721] (lab1_pkg) StderrLine: {'line': b'\x1b[01m\x1b[K/home/emanuel/UAH/TFG/ROS2-tutorial/lab_1/src/lab1_pkg/src/relay.cpp:12:13:\x1b[m\x1b[K \x1b[01;31m\x1b[Kerror: \x1b[m\x1b[K\xe2\x80\x98\x1b[01m\x1b[Kpublisher_\x1b[m\x1b[K\xe2\x80\x99 was not declared in this scope; did you mean \xe2\x80\x98\x1b[01m\x1b[Krmw_publisher_t\x1b[m\x1b[K\xe2\x80\x99?\n'}
[1.993919] (lab1_pkg) StderrLine: {'line': b'   12 |             \x1b[01;31m\x1b[Kpublisher_\x1b[m\x1b[K = this->create_publisher<ackermann_msgs::msg::AckermannDriveStamped>("drive_relay", 10);\n'}
[1.994016] (lab1_pkg) StderrLine: {'line': b'      |             \x1b[01;31m\x1b[K^~~~~~~~~~\x1b[m\x1b[K\n'}
[1.994095] (lab1_pkg) StderrLine: {'line': b'      |             \x1b[32m\x1b[Krmw_publisher_t\x1b[m\x1b[K\n'}
[2.001277] (lab1_pkg) StderrLine: {'line': b'\x1b[01m\x1b[K/home/emanuel/UAH/TFG/ROS2-tutorial/lab_1/src/lab1_pkg/src/relay.cpp:\x1b[m\x1b[K In member function \xe2\x80\x98\x1b[01m\x1b[Kvoid Relay::listener_callback(ackermann_msgs::msg::AckermannDriveStamped_<std::allocator<void> >::SharedPtr)\x1b[m\x1b[K\xe2\x80\x99:\n'}
[2.001514] (lab1_pkg) StderrLine: {'line': b'\x1b[01m\x1b[K/home/emanuel/UAH/TFG/ROS2-tutorial/lab_1/src/lab1_pkg/src/relay.cpp:22:13:\x1b[m\x1b[K \x1b[01;31m\x1b[Kerror: \x1b[m\x1b[K\xe2\x80\x98\x1b[01m\x1b[Kpublisher_\x1b[m\x1b[K\xe2\x80\x99 was not declared in this scope; did you mean \xe2\x80\x98\x1b[01m\x1b[Krmw_publisher_t\x1b[m\x1b[K\xe2\x80\x99?\n'}
[2.001615] (lab1_pkg) StderrLine: {'line': b'   22 |             \x1b[01;31m\x1b[Kpublisher_\x1b[m\x1b[K->publish(*msg);\n'}
[2.001704] (lab1_pkg) StderrLine: {'line': b'      |             \x1b[01;31m\x1b[K^~~~~~~~~~\x1b[m\x1b[K\n'}
[2.001789] (lab1_pkg) StderrLine: {'line': b'      |             \x1b[32m\x1b[Krmw_publisher_t\x1b[m\x1b[K\n'}
[2.006434] (-) TimerEvent: {}
[2.106846] (-) TimerEvent: {}
[2.207279] (-) TimerEvent: {}
[2.307705] (-) TimerEvent: {}
[2.408131] (-) TimerEvent: {}
[2.462534] (lab1_pkg) StderrLine: {'line': b'gmake[2]: *** [CMakeFiles/talker.dir/build.make:76: CMakeFiles/talker.dir/src/talker.cpp.o] Error 1\n'}
[2.462921] (lab1_pkg) StderrLine: {'line': b'gmake[1]: *** [CMakeFiles/Makefile2:139: CMakeFiles/talker.dir/all] Error 2\n'}
[2.463052] (lab1_pkg) StderrLine: {'line': b'gmake[1]: *** Waiting for unfinished jobs....\n'}
[2.508357] (-) TimerEvent: {}
[2.608772] (-) TimerEvent: {}
[2.709208] (-) TimerEvent: {}
[2.809624] (-) TimerEvent: {}
[2.910077] (-) TimerEvent: {}
[3.010540] (-) TimerEvent: {}
[3.110974] (-) TimerEvent: {}
[3.211361] (-) TimerEvent: {}
[3.311792] (-) TimerEvent: {}
[3.412236] (-) TimerEvent: {}
[3.493080] (lab1_pkg) StderrLine: {'line': b'gmake[2]: *** [CMakeFiles/relay.dir/build.make:76: CMakeFiles/relay.dir/src/relay.cpp.o] Error 1\n'}
[3.493463] (lab1_pkg) StderrLine: {'line': b'gmake[1]: *** [CMakeFiles/Makefile2:165: CMakeFiles/relay.dir/all] Error 2\n'}
[3.493696] (lab1_pkg) StderrLine: {'line': b'gmake: *** [Makefile:146: all] Error 2\n'}
[3.495458] (lab1_pkg) CommandEnded: {'returncode': 2}
[3.501989] (lab1_pkg) JobEnded: {'identifier': 'lab1_pkg', 'rc': 2}
[3.512223] (-) EventReactorShutdown: {}
