[0.007s] Invoking command in '/home/emanuel/UAH/TFG/ROS2-tutorial/lab_1/build/lab1_pkg': CMAKE_PREFIX_PATH=/opt/ros/humble /usr/bin/cmake --build /home/emanuel/UAH/TFG/ROS2-tutorial/lab_1/build/lab1_pkg -- -j12 -l12
[0.052s] [35m[1mConsolidate compiler generated dependencies of target talker[0m
[0.053s] [35m[1mConsolidate compiler generated dependencies of target relay[0m
[0.068s] [ 25%] [32mBuilding CXX object CMakeFiles/talker.dir/src/talker.cpp.o[0m
[0.069s] [ 50%] [32mBuilding CXX object CMakeFiles/relay.dir/src/relay.cpp.o[0m
[2.920s] [ 75%] [32m[1mLinking CXX executable talker[0m
[3.074s] [ 75%] Built target talker
[3.128s] [100%] [32m[1mLinking CXX executable relay[0m
[3.198s] /usr/bin/ld: /usr/lib/gcc/x86_64-linux-gnu/11/../../../x86_64-linux-gnu/Scrt1.o: in function `_start':
[3.198s] (.text+0x1b): undefined reference to `main'
[3.200s] collect2: error: ld returned 1 exit status
[3.202s] gmake[2]: *** [CMakeFiles/relay.dir/build.make:167: relay] Error 1
[3.202s] gmake[1]: *** [CMakeFiles/Makefile2:165: CMakeFiles/relay.dir/all] Error 2
[3.202s] gmake: *** [Makefile:146: all] Error 2
[3.204s] Invoked command in '/home/emanuel/UAH/TFG/ROS2-tutorial/lab_1/build/lab1_pkg' returned '2': CMAKE_PREFIX_PATH=/opt/ros/humble /usr/bin/cmake --build /home/emanuel/UAH/TFG/ROS2-tutorial/lab_1/build/lab1_pkg -- -j12 -l12
