<?xml version="1.0" encoding="UTF-8"?>
<Site BuildName="(empty)"
	BuildStamp="20250206-1932-Experimental"
	Name="emanuel-book3"
	Generator="ctest-3.22.1"
	CompilerName="/usr/bin/c++"
	CompilerVersion="11.4.0"
	OSName="Linux"
	Hostname="emanuel-book3"
	OSRelease="6.8.0-51-generic"
	OSVersion="#52~22.04.1-Ubuntu SMP PREEMPT_DYNAMIC Mon Dec  9 15:00:52 UTC 2"
	OSPlatform="x86_64"
	Is64Bits="1"
	VendorString="GenuineIntel"
	VendorID="Intel Corporation"
	FamilyID="6"
	ModelID="186"
	ProcessorCacheSize="12288"
	NumberOfLogicalCPU="12"
	NumberOfPhysicalCPU="10"
	TotalVirtualMemory="2462"
	TotalPhysicalMemory="15674"
	LogicalProcessorsPerPhysical="1"
	ProcessorClockFrequency="3653.62"
	>
	<Testing>
		<StartDateTime>Feb 06 23:25 CET</StartDateTime>
		<StartTestTime>1738880707</StartTestTime>
		<TestList/>
		<EndDateTime>Feb 06 23:25 CET</EndDateTime>
		<EndTestTime>1738880707</EndTestTime>
		<ElapsedMinutes>0</ElapsedMinutes>
	</Testing>
</Site>
