[35m[1mConsolidate compiler generated dependencies of target relay[0m
[35m[1mConsolidate compiler generated dependencies of target talker[0m
[ 25%] [32mBuilding CXX object CMakeFiles/relay.dir/src/relay.cpp.o[0m
[ 50%] [32mBuilding CXX object CMakeFiles/talker.dir/src/talker.cpp.o[0m
[01m[K/home/emanuel/UAH/TFG/ROS2-tutorial/lab_1/src/lab1_pkg/src/relay.cpp:[m[K In constructor â€˜[01m[KRelay::Relay()[m[Kâ€™:
[01m[K/home/emanuel/UAH/TFG/ROS2-tutorial/lab_1/src/lab1_pkg/src/relay.cpp:8:13:[m[K [01;31m[Kerror: [m[Kâ€˜[01m[Ksubscription_[m[Kâ€™ was not declared in this scope; did you mean â€˜[01m[Krmw_subscription_t[m[Kâ€™?
    8 |             [01;31m[Ksubscription_[m[K = this->create_subscription<ackermann_msgs::msg::AckermannDriveStamped>(
      |             [01;31m[K^~~~~~~~~~~~~[m[K
      |             [32m[Krmw_subscription_t[m[K
[01m[K/home/emanuel/UAH/TFG/ROS2-tutorial/lab_1/src/lab1_pkg/src/talker.cpp:[m[K In constructor â€˜[01m[KTalker::Talker()[m[Kâ€™:
[01m[K/home/emanuel/UAH/TFG/ROS2-tutorial/lab_1/src/lab1_pkg/src/talker.cpp:12:13:[m[K [01;31m[Kerror: [m[Kâ€˜[01m[Kspeed_[m[Kâ€™ was not declared in this scope
   12 |             [01;31m[Kspeed_[m[K = this->get_parameter("v").as_double();
      |             [01;31m[K^~~~~~[m[K
[01m[K/home/emanuel/UAH/TFG/ROS2-tutorial/lab_1/src/lab1_pkg/src/relay.cpp:12:13:[m[K [01;31m[Kerror: [m[Kâ€˜[01m[Kpublisher_[m[Kâ€™ was not declared in this scope; did you mean â€˜[01m[Krmw_publisher_t[m[Kâ€™?
   12 |             [01;31m[Kpublisher_[m[K = this->create_publisher<ackermann_msgs::msg::AckermannDriveStamped>("drive_relay", 10);
      |             [01;31m[K^~~~~~~~~~[m[K
      |             [32m[Krmw_publisher_t[m[K
[01m[K/home/emanuel/UAH/TFG/ROS2-tutorial/lab_1/src/lab1_pkg/src/talker.cpp:13:13:[m[K [01;31m[Kerror: [m[Kâ€˜[01m[Kangle_[m[Kâ€™ was not declared in this scope
   13 |             [01;31m[Kangle_[m[K = this->get_parameter("d").as_double();
      |             [01;31m[K^~~~~~[m[K
[01m[K/home/emanuel/UAH/TFG/ROS2-tutorial/lab_1/src/lab1_pkg/src/talker.cpp:16:13:[m[K [01;31m[Kerror: [m[Kâ€˜[01m[Kpublisher_[m[Kâ€™ was not declared in this scope; did you mean â€˜[01m[Krmw_publisher_t[m[Kâ€™?
   16 |             [01;31m[Kpublisher_[m[K = this->create_publisher<ackermann_msgs::msg::AckermannDriveStamped>("drive", 10);
      |             [01;31m[K^~~~~~~~~~[m[K
      |             [32m[Krmw_publisher_t[m[K
[01m[K/home/emanuel/UAH/TFG/ROS2-tutorial/lab_1/src/lab1_pkg/src/relay.cpp:[m[K In member function â€˜[01m[Kvoid Relay::listener_callback(ackermann_msgs::msg::AckermannDriveStamped_<std::allocator<void> >::SharedPtr)[m[Kâ€™:
[01m[K/home/emanuel/UAH/TFG/ROS2-tutorial/lab_1/src/lab1_pkg/src/relay.cpp:22:13:[m[K [01;31m[Kerror: [m[Kâ€˜[01m[Kpublisher_[m[Kâ€™ was not declared in this scope; did you mean â€˜[01m[Krmw_publisher_t[m[Kâ€™?
   22 |             [01;31m[Kpublisher_[m[K->publish(*msg);
      |             [01;31m[K^~~~~~~~~~[m[K
      |             [32m[Krmw_publisher_t[m[K
[01m[K/home/emanuel/UAH/TFG/ROS2-tutorial/lab_1/src/lab1_pkg/src/talker.cpp:19:13:[m[K [01;31m[Kerror: [m[Kâ€˜[01m[Ktimer_[m[Kâ€™ was not declared in this scope; did you mean â€˜[01m[Ktimer_t[m[Kâ€™?
   19 |             [01;31m[Ktimer_[m[K = this->create_wall_timer(std::chrono::seconds(1000), std::bind(&Talker::publish_message, this));
      |             [01;31m[K^~~~~~[m[K
      |             [32m[Ktimer_t[m[K
[01m[K/home/emanuel/UAH/TFG/ROS2-tutorial/lab_1/src/lab1_pkg/src/talker.cpp:[m[K In member function â€˜[01m[Kvoid Talker::publish_message()[m[Kâ€™:
[01m[K/home/emanuel/UAH/TFG/ROS2-tutorial/lab_1/src/lab1_pkg/src/talker.cpp:26:31:[m[K [01;31m[Kerror: [m[Kâ€˜[01m[Kspeed_[m[Kâ€™ was not declared in this scope
   26 |             msg.drive.speed = [01;31m[Kspeed_[m[K;
      |                               [01;31m[K^~~~~~[m[K
[01m[K/home/emanuel/UAH/TFG/ROS2-tutorial/lab_1/src/lab1_pkg/src/talker.cpp:27:40:[m[K [01;31m[Kerror: [m[Kâ€˜[01m[Kangle_[m[Kâ€™ was not declared in this scope
   27 |             msg.drive.steering_angle = [01;31m[Kangle_[m[K;
      |                                        [01;31m[K^~~~~~[m[K
[01m[K/home/emanuel/UAH/TFG/ROS2-tutorial/lab_1/src/lab1_pkg/src/talker.cpp:29:13:[m[K [01;31m[Kerror: [m[Kâ€˜[01m[Kpublisher_[m[Kâ€™ was not declared in this scope; did you mean â€˜[01m[Krmw_publisher_t[m[Kâ€™?
   29 |             [01;31m[Kpublisher_[m[K->publish(msg);
      |             [01;31m[K^~~~~~~~~~[m[K
      |             [32m[Krmw_publisher_t[m[K
gmake[2]: *** [CMakeFiles/talker.dir/build.make:76: CMakeFiles/talker.dir/src/talker.cpp.o] Error 1
gmake[1]: *** [CMakeFiles/Makefile2:139: CMakeFiles/talker.dir/all] Error 2
gmake[1]: *** Waiting for unfinished jobs....
gmake[2]: *** [CMakeFiles/relay.dir/build.make:76: CMakeFiles/relay.dir/src/relay.cpp.o] Error 1
gmake[1]: *** [CMakeFiles/Makefile2:165: CMakeFiles/relay.dir/all] Error 2
gmake: *** [Makefile:146: all] Error 2
