-- Found ament_cmake: 1.3.11 (/opt/ros/humble/share/ament_cmake/cmake)
-- Found rclcpp: 16.0.11 (/opt/ros/humble/share/rclcpp/cmake)
-- Found rosidl_generator_c: 3.1.6 (/opt/ros/humble/share/rosidl_generator_c/cmake)
-- Found rosidl_adapter: 3.1.6 (/opt/ros/humble/share/rosidl_adapter/cmake)
-- Found rosidl_generator_cpp: 3.1.6 (/opt/ros/humble/share/rosidl_generator_cpp/cmake)
-- Using all available rosidl_typesupport_c: rosidl_typesupport_fastrtps_c;rosidl_typesupport_introspection_c
-- Using all available rosidl_typesupport_cpp: rosidl_typesupport_fastrtps_cpp;rosidl_typesupport_introspection_cpp
-- Found rmw_implementation_cmake: 6.1.2 (/opt/ros/humble/share/rmw_implementation_cmake/cmake)
-- Found rmw_fastrtps_cpp: 6.2.7 (/opt/ros/humble/share/rmw_fastrtps_cpp/cmake)
-- Using RMW implementation 'rmw_fastrtps_cpp' as default
-- Found rclpy: 3.3.15 (/opt/ros/humble/share/rclpy/cmake)
-- Found ackermann_msgs: 2.0.2 (/opt/ros/humble/share/ackermann_msgs/cmake)
-- Found ament_lint_auto: 0.12.11 (/opt/ros/humble/share/ament_lint_auto/cmake)
-- Added test 'cppcheck' to perform static code analysis on C / C++ code
-- Configured cppcheck include dirs: 
-- Configured cppcheck exclude dirs and/or files: 
-- Added test 'lint_cmake' to check CMake code style
-- Added test 'uncrustify' to check C / C++ code style
-- Configured uncrustify additional arguments: 
-- Added test 'xmllint' to check XML markup files
-- Configuring done
-- Generating done
-- Build files have been written to: /home/emanuel/UAH/TFG/ROS2-tutorial/lab_1/build/lab1_pkg
[ 25%] [32mBuilding CXX object CMakeFiles/talker.dir/src/talker.cpp.o[0m
[ 50%] [32mBuilding CXX object CMakeFiles/relay.dir/src/relay.cpp.o[0m
[01m[K/home/emanuel/UAH/TFG/ROS2-tutorial/lab_1/src/lab1_pkg/src/relay.cpp:35:2:[m[K [01;31m[Kerror: [m[Kexpected â€˜[01m[K;[m[Kâ€™ after class definition
   35 | }
      |  [01;31m[K^[m[K
      |  [32m[K;[m[K
[01m[K/home/emanuel/UAH/TFG/ROS2-tutorial/lab_1/src/lab1_pkg/src/talker.cpp:[m[K In constructor â€˜[01m[KTalker::Talker()[m[Kâ€™:
[01m[K/home/emanuel/UAH/TFG/ROS2-tutorial/lab_1/src/lab1_pkg/src/talker.cpp:12:13:[m[K [01;31m[Kerror: [m[Kâ€˜[01m[Kspeed_[m[Kâ€™ was not declared in this scope
   12 |             [01;31m[Kspeed_[m[K = this->get_parameter("v").as_double();
      |             [01;31m[K^~~~~~[m[K
[01m[K/home/emanuel/UAH/TFG/ROS2-tutorial/lab_1/src/lab1_pkg/src/relay.cpp:[m[K In constructor â€˜[01m[KRelay::Relay()[m[Kâ€™:
[01m[K/home/emanuel/UAH/TFG/ROS2-tutorial/lab_1/src/lab1_pkg/src/relay.cpp:8:13:[m[K [01;31m[Kerror: [m[Kâ€˜[01m[Ksubscription_[m[Kâ€™ was not declared in this scope; did you mean â€˜[01m[Krmw_subscription_t[m[Kâ€™?
    8 |             [01;31m[Ksubscription_[m[K = this->create_subscription<ackermann_msgs::msg::AckermannDriveStamped>(
      |             [01;31m[K^~~~~~~~~~~~~[m[K
      |             [32m[Krmw_subscription_t[m[K
[01m[K/home/emanuel/UAH/TFG/ROS2-tutorial/lab_1/src/lab1_pkg/src/talker.cpp:13:13:[m[K [01;31m[Kerror: [m[Kâ€˜[01m[Kangle_[m[Kâ€™ was not declared in this scope
   13 |             [01;31m[Kangle_[m[K = this->get_parameter("d").as_double();
      |             [01;31m[K^~~~~~[m[K
[01m[K/home/emanuel/UAH/TFG/ROS2-tutorial/lab_1/src/lab1_pkg/src/talker.cpp:16:13:[m[K [01;31m[Kerror: [m[Kâ€˜[01m[Kpublisher_[m[Kâ€™ was not declared in this scope; did you mean â€˜[01m[Krmw_publisher_t[m[Kâ€™?
   16 |             [01;31m[Kpublisher_[m[K = this->create_publisher<ackermann_msgs::msg::AckermannDriveStamped>("drive", 10);
      |             [01;31m[K^~~~~~~~~~[m[K
      |             [32m[Krmw_publisher_t[m[K
[01m[K/home/emanuel/UAH/TFG/ROS2-tutorial/lab_1/src/lab1_pkg/src/talker.cpp:19:13:[m[K [01;31m[Kerror: [m[Kâ€˜[01m[Ktimer_[m[Kâ€™ was not declared in this scope; did you mean â€˜[01m[Ktimer_t[m[Kâ€™?
   19 |             [01;31m[Ktimer_[m[K = this->create_wall_timer(std::chrono::seconds(1000), std::bind(&Talker::publish_message, this));
      |             [01;31m[K^~~~~~[m[K
      |             [32m[Ktimer_t[m[K
[01m[K/home/emanuel/UAH/TFG/ROS2-tutorial/lab_1/src/lab1_pkg/src/talker.cpp:[m[K In member function â€˜[01m[Kvoid Talker::publish_message()[m[Kâ€™:
[01m[K/home/emanuel/UAH/TFG/ROS2-tutorial/lab_1/src/lab1_pkg/src/talker.cpp:26:31:[m[K [01;31m[Kerror: [m[Kâ€˜[01m[Kspeed_[m[Kâ€™ was not declared in this scope
   26 |             msg.drive.speed = [01;31m[Kspeed_[m[K;
      |                               [01;31m[K^~~~~~[m[K
[01m[K/home/emanuel/UAH/TFG/ROS2-tutorial/lab_1/src/lab1_pkg/src/talker.cpp:27:40:[m[K [01;31m[Kerror: [m[Kâ€˜[01m[Kangle_[m[Kâ€™ was not declared in this scope
   27 |             msg.drive.steering_angle = [01;31m[Kangle_[m[K;
      |                                        [01;31m[K^~~~~~[m[K
[01m[K/home/emanuel/UAH/TFG/ROS2-tutorial/lab_1/src/lab1_pkg/src/talker.cpp:29:13:[m[K [01;31m[Kerror: [m[Kâ€˜[01m[Kpublisher_[m[Kâ€™ was not declared in this scope; did you mean â€˜[01m[Krmw_publisher_t[m[Kâ€™?
   29 |             [01;31m[Kpublisher_[m[K->publish(msg);
      |             [01;31m[K^~~~~~~~~~[m[K
      |             [32m[Krmw_publisher_t[m[K
[01m[K/home/emanuel/UAH/TFG/ROS2-tutorial/lab_1/src/lab1_pkg/src/relay.cpp:12:13:[m[K [01;31m[Kerror: [m[Kâ€˜[01m[Kpublisher_[m[Kâ€™ was not declared in this scope; did you mean â€˜[01m[Krmw_publisher_t[m[Kâ€™?
   12 |             [01;31m[Kpublisher_[m[K = this->create_publisher<ackermann_msgs::msg::AckermannDriveStamped>("drive_relay", 10);
      |             [01;31m[K^~~~~~~~~~[m[K
      |             [32m[Krmw_publisher_t[m[K
[01m[K/home/emanuel/UAH/TFG/ROS2-tutorial/lab_1/src/lab1_pkg/src/relay.cpp:[m[K In member function â€˜[01m[Kvoid Relay::listener_callback(ackermann_msgs::msg::AckermannDriveStamped_<std::allocator<void> >::SharedPtr)[m[Kâ€™:
[01m[K/home/emanuel/UAH/TFG/ROS2-tutorial/lab_1/src/lab1_pkg/src/relay.cpp:22:13:[m[K [01;31m[Kerror: [m[Kâ€˜[01m[Kpublisher_[m[Kâ€™ was not declared in this scope; did you mean â€˜[01m[Krmw_publisher_t[m[Kâ€™?
   22 |             [01;31m[Kpublisher_[m[K->publish(*msg);
      |             [01;31m[K^~~~~~~~~~[m[K
      |             [32m[Krmw_publisher_t[m[K
gmake[2]: *** [CMakeFiles/talker.dir/build.make:76: CMakeFiles/talker.dir/src/talker.cpp.o] Error 1
gmake[1]: *** [CMakeFiles/Makefile2:139: CMakeFiles/talker.dir/all] Error 2
gmake[1]: *** Waiting for unfinished jobs....
gmake[2]: *** [CMakeFiles/relay.dir/build.make:76: CMakeFiles/relay.dir/src/relay.cpp.o] Error 1
gmake[1]: *** [CMakeFiles/Makefile2:165: CMakeFiles/relay.dir/all] Error 2
gmake: *** [Makefile:146: all] Error 2
