[0.000000] (-) TimerEvent: {}
[0.000088] (lab1_pkg) JobQueued: {'identifier': 'lab1_pkg', 'dependencies': OrderedDict()}
[0.000107] (lab1_pkg) JobStarted: {'identifier': 'lab1_pkg'}
[0.005294] (lab1_pkg) JobProgress: {'identifier': 'lab1_pkg', 'progress': 'cmake'}
[0.005438] (lab1_pkg) JobProgress: {'identifier': 'lab1_pkg', 'progress': 'build'}
[0.005798] (lab1_pkg) Command: {'cmd': ['/usr/bin/cmake', '--build', '/home/emanuel/UAH/TFG/ROS2-tutorial/lab_1/build/lab1_pkg', '--', '-j12', '-l12'], 'cwd': '/home/emanuel/UAH/TFG/ROS2-tutorial/lab_1/build/lab1_pkg', 'env': OrderedDict([('LESSOPEN', '| /usr/bin/lesspipe %s'), ('USER', 'emanuel'), ('XDG_SESSION_TYPE', 'wayland'), ('SHLVL', '1'), ('LD_LIBRARY_PATH', '/opt/ros/humble/opt/rviz_ogre_vendor/lib:/opt/ros/humble/lib/x86_64-linux-gnu:/opt/ros/humble/lib'), ('HOME', '/home/emanuel'), ('OLDPWD', '/home/emanuel/UAH/TFG/ROS2-tutorial/lab_1/src/lab1_pkg'), ('DESKTOP_SESSION', 'ubuntu'), ('ROS_PYTHON_VERSION', '3'), ('GNOME_SHELL_SESSION_MODE', 'ubuntu'), ('GTK_MODULES', 'gail:atk-bridge'), ('SYSTEMD_EXEC_PID', '2579'), ('DBUS_SESSION_BUS_ADDRESS', 'unix:path=/run/user/1000/bus'), ('COLORTERM', 'truecolor'), ('IM_CONFIG_PHASE', '1'), ('WAYLAND_DISPLAY', 'wayland-0'), ('COLCON_PREFIX_PATH', '/home/emanuel/UAH/TFG/ROS2-tutorial/lab_1/install'), ('ROS_DISTRO', 'humble'), ('LOGNAME', 'emanuel'), ('_', '/usr/bin/colcon'), ('ROS_VERSION', '2'), ('XDG_SESSION_CLASS', 'user'), ('USERNAME', 'emanuel'), ('TERM', 'xterm-256color'), ('GNOME_DESKTOP_SESSION_ID', 'this-is-deprecated'), ('ROS_LOCALHOST_ONLY', '0'), ('PATH', '/opt/ros/humble/bin:/home/emanuel/bin:/usr/local/sbin:/usr/local/bin:/usr/sbin:/usr/bin:/sbin:/bin:/usr/games:/usr/local/games:/snap/bin:/snap/bin'), ('SESSION_MANAGER', 'local/emanuel-book3:@/tmp/.ICE-unix/2057,unix/emanuel-book3:/tmp/.ICE-unix/2057'), ('XDG_MENU_PREFIX', 'gnome-'), ('GNOME_TERMINAL_SCREEN', '/org/gnome/Terminal/screen/adfdc70a_ee28_4897_959e_106205deac3b'), ('GNOME_SETUP_DISPLAY', ':1'), ('XDG_RUNTIME_DIR', '/run/user/1000'), ('DISPLAY', ':0'), ('LANG', 'en_US.UTF-8'), ('XDG_CURRENT_DESKTOP', 'ubuntu:GNOME'), ('XMODIFIERS', '@im=ibus'), ('XDG_SESSION_DESKTOP', 'ubuntu'), ('XAUTHORITY', '/run/user/1000/.mutter-Xwaylandauth.IOHH12'), ('LS_COLORS', 'rs=0:di=01;34:ln=01;36:mh=00:pi=40;33:so=01;35:do=01;35:bd=40;33;01:cd=40;33;01:or=40;31;01:mi=00:su=37;41:sg=30;43:ca=30;41:tw=30;42:ow=34;42:st=37;44:ex=01;32:*.tar=01;31:*.tgz=01;31:*.arc=01;31:*.arj=01;31:*.taz=01;31:*.lha=01;31:*.lz4=01;31:*.lzh=01;31:*.lzma=01;31:*.tlz=01;31:*.txz=01;31:*.tzo=01;31:*.t7z=01;31:*.zip=01;31:*.z=01;31:*.dz=01;31:*.gz=01;31:*.lrz=01;31:*.lz=01;31:*.lzo=01;31:*.xz=01;31:*.zst=01;31:*.tzst=01;31:*.bz2=01;31:*.bz=01;31:*.tbz=01;31:*.tbz2=01;31:*.tz=01;31:*.deb=01;31:*.rpm=01;31:*.jar=01;31:*.war=01;31:*.ear=01;31:*.sar=01;31:*.rar=01;31:*.alz=01;31:*.ace=01;31:*.zoo=01;31:*.cpio=01;31:*.7z=01;31:*.rz=01;31:*.cab=01;31:*.wim=01;31:*.swm=01;31:*.dwm=01;31:*.esd=01;31:*.jpg=01;35:*.jpeg=01;35:*.mjpg=01;35:*.mjpeg=01;35:*.gif=01;35:*.bmp=01;35:*.pbm=01;35:*.pgm=01;35:*.ppm=01;35:*.tga=01;35:*.xbm=01;35:*.xpm=01;35:*.tif=01;35:*.tiff=01;35:*.png=01;35:*.svg=01;35:*.svgz=01;35:*.mng=01;35:*.pcx=01;35:*.mov=01;35:*.mpg=01;35:*.mpeg=01;35:*.m2v=01;35:*.mkv=01;35:*.webm=01;35:*.webp=01;35:*.ogm=01;35:*.mp4=01;35:*.m4v=01;35:*.mp4v=01;35:*.vob=01;35:*.qt=01;35:*.nuv=01;35:*.wmv=01;35:*.asf=01;35:*.rm=01;35:*.rmvb=01;35:*.flc=01;35:*.avi=01;35:*.fli=01;35:*.flv=01;35:*.gl=01;35:*.dl=01;35:*.xcf=01;35:*.xwd=01;35:*.yuv=01;35:*.cgm=01;35:*.emf=01;35:*.ogv=01;35:*.ogx=01;35:*.aac=00;36:*.au=00;36:*.flac=00;36:*.m4a=00;36:*.mid=00;36:*.midi=00;36:*.mka=00;36:*.mp3=00;36:*.mpc=00;36:*.ogg=00;36:*.ra=00;36:*.wav=00;36:*.oga=00;36:*.opus=00;36:*.spx=00;36:*.xspf=00;36:'), ('GNOME_TERMINAL_SERVICE', ':1.252'), ('SSH_AGENT_LAUNCHER', 'gnome-keyring'), ('SSH_AUTH_SOCK', '/run/user/1000/keyring/ssh'), ('AMENT_PREFIX_PATH', '/opt/ros/humble'), ('SHELL', '/bin/bash'), ('QT_ACCESSIBILITY', '1'), ('GDMSESSION', 'ubuntu'), ('LESSCLOSE', '/usr/bin/lesspipe %s %s'), ('QT_IM_MODULE', 'ibus'), ('PWD', '/home/emanuel/UAH/TFG/ROS2-tutorial/lab_1/build/lab1_pkg'), ('LC_ALL', 'en_US.UTF-8'), ('XDG_CONFIG_DIRS', '/etc/xdg/xdg-ubuntu:/etc/xdg'), ('XDG_DATA_DIRS', '/usr/share/ubuntu:/usr/local/share/:/usr/share/:/var/lib/snapd/desktop'), ('PYTHONPATH', '/opt/ros/humble/lib/python3.10/site-packages:/opt/ros/humble/local/lib/python3.10/dist-packages'), ('COLCON', '1'), ('VTE_VERSION', '6800'), ('CMAKE_PREFIX_PATH', '/opt/ros/humble')]), 'shell': False}
[0.053132] (lab1_pkg) StdoutLine: {'line': b'\x1b[35m\x1b[1mConsolidate compiler generated dependencies of target relay\x1b[0m\n'}
[0.053683] (lab1_pkg) StdoutLine: {'line': b'\x1b[35m\x1b[1mConsolidate compiler generated dependencies of target talker\x1b[0m\n'}
[0.073519] (lab1_pkg) StdoutLine: {'line': b'[ 25%] \x1b[32mBuilding CXX object CMakeFiles/relay.dir/src/relay.cpp.o\x1b[0m\n'}
[0.073821] (lab1_pkg) StdoutLine: {'line': b'[ 50%] \x1b[32mBuilding CXX object CMakeFiles/talker.dir/src/talker.cpp.o\x1b[0m\n'}
[0.099525] (-) TimerEvent: {}
[0.199926] (-) TimerEvent: {}
[0.300366] (-) TimerEvent: {}
[0.400695] (-) TimerEvent: {}
[0.501116] (-) TimerEvent: {}
[0.601492] (-) TimerEvent: {}
[0.701820] (-) TimerEvent: {}
[0.802251] (-) TimerEvent: {}
[0.902589] (-) TimerEvent: {}
[1.003057] (-) TimerEvent: {}
[1.103364] (-) TimerEvent: {}
[1.203790] (-) TimerEvent: {}
[1.304230] (-) TimerEvent: {}
[1.404657] (-) TimerEvent: {}
[1.505092] (-) TimerEvent: {}
[1.562107] (lab1_pkg) StderrLine: {'line': b'\x1b[01m\x1b[K/home/emanuel/UAH/TFG/ROS2-tutorial/lab_1/src/lab1_pkg/src/relay.cpp:\x1b[m\x1b[K In constructor \xe2\x80\x98\x1b[01m\x1b[KRelay::Relay()\x1b[m\x1b[K\xe2\x80\x99:\n'}
[1.562349] (lab1_pkg) StderrLine: {'line': b'\x1b[01m\x1b[K/home/emanuel/UAH/TFG/ROS2-tutorial/lab_1/src/lab1_pkg/src/relay.cpp:8:13:\x1b[m\x1b[K \x1b[01;31m\x1b[Kerror: \x1b[m\x1b[K\xe2\x80\x98\x1b[01m\x1b[Ksubscription_\x1b[m\x1b[K\xe2\x80\x99 was not declared in this scope; did you mean \xe2\x80\x98\x1b[01m\x1b[Krmw_subscription_t\x1b[m\x1b[K\xe2\x80\x99?\n'}
[1.562450] (lab1_pkg) StderrLine: {'line': b'    8 |             \x1b[01;31m\x1b[Ksubscription_\x1b[m\x1b[K = this->create_subscription<ackermann_msgs::msg::AckermannDriveStamped>(\n'}
[1.562536] (lab1_pkg) StderrLine: {'line': b'      |             \x1b[01;31m\x1b[K^~~~~~~~~~~~~\x1b[m\x1b[K\n'}
[1.562617] (lab1_pkg) StderrLine: {'line': b'      |             \x1b[32m\x1b[Krmw_subscription_t\x1b[m\x1b[K\n'}
[1.593690] (lab1_pkg) StderrLine: {'line': b'\x1b[01m\x1b[K/home/emanuel/UAH/TFG/ROS2-tutorial/lab_1/src/lab1_pkg/src/talker.cpp:\x1b[m\x1b[K In constructor \xe2\x80\x98\x1b[01m\x1b[KTalker::Talker()\x1b[m\x1b[K\xe2\x80\x99:\n'}
[1.593891] (lab1_pkg) StderrLine: {'line': b'\x1b[01m\x1b[K/home/emanuel/UAH/TFG/ROS2-tutorial/lab_1/src/lab1_pkg/src/talker.cpp:12:13:\x1b[m\x1b[K \x1b[01;31m\x1b[Kerror: \x1b[m\x1b[K\xe2\x80\x98\x1b[01m\x1b[Kspeed_\x1b[m\x1b[K\xe2\x80\x99 was not declared in this scope\n'}
[1.593991] (lab1_pkg) StderrLine: {'line': b'   12 |             \x1b[01;31m\x1b[Kspeed_\x1b[m\x1b[K = this->get_parameter("v").as_double();\n'}
[1.594077] (lab1_pkg) StderrLine: {'line': b'      |             \x1b[01;31m\x1b[K^~~~~~\x1b[m\x1b[K\n'}
[1.596922] (lab1_pkg) StderrLine: {'line': b'\x1b[01m\x1b[K/home/emanuel/UAH/TFG/ROS2-tutorial/lab_1/src/lab1_pkg/src/relay.cpp:12:13:\x1b[m\x1b[K \x1b[01;31m\x1b[Kerror: \x1b[m\x1b[K\xe2\x80\x98\x1b[01m\x1b[Kpublisher_\x1b[m\x1b[K\xe2\x80\x99 was not declared in this scope; did you mean \xe2\x80\x98\x1b[01m\x1b[Krmw_publisher_t\x1b[m\x1b[K\xe2\x80\x99?\n'}
[1.597128] (lab1_pkg) StderrLine: {'line': b'   12 |             \x1b[01;31m\x1b[Kpublisher_\x1b[m\x1b[K = this->create_publisher<ackermann_msgs::msg::AckermannDriveStamped>("drive_relay", 10);\n'}
[1.597223] (lab1_pkg) StderrLine: {'line': b'      |             \x1b[01;31m\x1b[K^~~~~~~~~~\x1b[m\x1b[K\n'}
[1.597307] (lab1_pkg) StderrLine: {'line': b'      |             \x1b[32m\x1b[Krmw_publisher_t\x1b[m\x1b[K\n'}
[1.597568] (lab1_pkg) StderrLine: {'line': b'\x1b[01m\x1b[K/home/emanuel/UAH/TFG/ROS2-tutorial/lab_1/src/lab1_pkg/src/talker.cpp:13:13:\x1b[m\x1b[K \x1b[01;31m\x1b[Kerror: \x1b[m\x1b[K\xe2\x80\x98\x1b[01m\x1b[Kangle_\x1b[m\x1b[K\xe2\x80\x99 was not declared in this scope\n'}
[1.597698] (lab1_pkg) StderrLine: {'line': b'   13 |             \x1b[01;31m\x1b[Kangle_\x1b[m\x1b[K = this->get_parameter("d").as_double();\n'}
[1.597783] (lab1_pkg) StderrLine: {'line': b'      |             \x1b[01;31m\x1b[K^~~~~~\x1b[m\x1b[K\n'}
[1.601282] (lab1_pkg) StderrLine: {'line': b'\x1b[01m\x1b[K/home/emanuel/UAH/TFG/ROS2-tutorial/lab_1/src/lab1_pkg/src/talker.cpp:16:13:\x1b[m\x1b[K \x1b[01;31m\x1b[Kerror: \x1b[m\x1b[K\xe2\x80\x98\x1b[01m\x1b[Kpublisher_\x1b[m\x1b[K\xe2\x80\x99 was not declared in this scope; did you mean \xe2\x80\x98\x1b[01m\x1b[Krmw_publisher_t\x1b[m\x1b[K\xe2\x80\x99?\n'}
[1.601475] (lab1_pkg) StderrLine: {'line': b'   16 |             \x1b[01;31m\x1b[Kpublisher_\x1b[m\x1b[K = this->create_publisher<ackermann_msgs::msg::AckermannDriveStamped>("drive", 10);\n'}
[1.601564] (lab1_pkg) StderrLine: {'line': b'      |             \x1b[01;31m\x1b[K^~~~~~~~~~\x1b[m\x1b[K\n'}
[1.601642] (lab1_pkg) StderrLine: {'line': b'      |             \x1b[32m\x1b[Krmw_publisher_t\x1b[m\x1b[K\n'}
[1.604569] (lab1_pkg) StderrLine: {'line': b'\x1b[01m\x1b[K/home/emanuel/UAH/TFG/ROS2-tutorial/lab_1/src/lab1_pkg/src/relay.cpp:\x1b[m\x1b[K In member function \xe2\x80\x98\x1b[01m\x1b[Kvoid Relay::listener_callback(ackermann_msgs::msg::AckermannDriveStamped_<std::allocator<void> >::SharedPtr)\x1b[m\x1b[K\xe2\x80\x99:\n'}
[1.604762] (lab1_pkg) StderrLine: {'line': b'\x1b[01m\x1b[K/home/emanuel/UAH/TFG/ROS2-tutorial/lab_1/src/lab1_pkg/src/relay.cpp:22:13:\x1b[m\x1b[K \x1b[01;31m\x1b[Kerror: \x1b[m\x1b[K\xe2\x80\x98\x1b[01m\x1b[Kpublisher_\x1b[m\x1b[K\xe2\x80\x99 was not declared in this scope; did you mean \xe2\x80\x98\x1b[01m\x1b[Krmw_publisher_t\x1b[m\x1b[K\xe2\x80\x99?\n'}
[1.604852] (lab1_pkg) StderrLine: {'line': b'   22 |             \x1b[01;31m\x1b[Kpublisher_\x1b[m\x1b[K->publish(*msg);\n'}
[1.604933] (lab1_pkg) StderrLine: {'line': b'      |             \x1b[01;31m\x1b[K^~~~~~~~~~\x1b[m\x1b[K\n'}
[1.605028] (lab1_pkg) StderrLine: {'line': b'      |             \x1b[32m\x1b[Krmw_publisher_t\x1b[m\x1b[K\n'}
[1.605106] (-) TimerEvent: {}
[1.607656] (lab1_pkg) StderrLine: {'line': b'\x1b[01m\x1b[K/home/emanuel/UAH/TFG/ROS2-tutorial/lab_1/src/lab1_pkg/src/talker.cpp:19:13:\x1b[m\x1b[K \x1b[01;31m\x1b[Kerror: \x1b[m\x1b[K\xe2\x80\x98\x1b[01m\x1b[Ktimer_\x1b[m\x1b[K\xe2\x80\x99 was not declared in this scope; did you mean \xe2\x80\x98\x1b[01m\x1b[Ktimer_t\x1b[m\x1b[K\xe2\x80\x99?\n'}
[1.607849] (lab1_pkg) StderrLine: {'line': b'   19 |             \x1b[01;31m\x1b[Ktimer_\x1b[m\x1b[K = this->create_wall_timer(std::chrono::seconds(1000), std::bind(&Talker::publish_message, this));\n'}
[1.607936] (lab1_pkg) StderrLine: {'line': b'      |             \x1b[01;31m\x1b[K^~~~~~\x1b[m\x1b[K\n'}
[1.608026] (lab1_pkg) StderrLine: {'line': b'      |             \x1b[32m\x1b[Ktimer_t\x1b[m\x1b[K\n'}
[1.617166] (lab1_pkg) StderrLine: {'line': b'\x1b[01m\x1b[K/home/emanuel/UAH/TFG/ROS2-tutorial/lab_1/src/lab1_pkg/src/talker.cpp:\x1b[m\x1b[K In member function \xe2\x80\x98\x1b[01m\x1b[Kvoid Talker::publish_message()\x1b[m\x1b[K\xe2\x80\x99:\n'}
[1.617357] (lab1_pkg) StderrLine: {'line': b'\x1b[01m\x1b[K/home/emanuel/UAH/TFG/ROS2-tutorial/lab_1/src/lab1_pkg/src/talker.cpp:26:31:\x1b[m\x1b[K \x1b[01;31m\x1b[Kerror: \x1b[m\x1b[K\xe2\x80\x98\x1b[01m\x1b[Kspeed_\x1b[m\x1b[K\xe2\x80\x99 was not declared in this scope\n'}
[1.617439] (lab1_pkg) StderrLine: {'line': b'   26 |             msg.drive.speed = \x1b[01;31m\x1b[Kspeed_\x1b[m\x1b[K;\n'}
[1.617513] (lab1_pkg) StderrLine: {'line': b'      |                               \x1b[01;31m\x1b[K^~~~~~\x1b[m\x1b[K\n'}
[1.620561] (lab1_pkg) StderrLine: {'line': b'\x1b[01m\x1b[K/home/emanuel/UAH/TFG/ROS2-tutorial/lab_1/src/lab1_pkg/src/talker.cpp:27:40:\x1b[m\x1b[K \x1b[01;31m\x1b[Kerror: \x1b[m\x1b[K\xe2\x80\x98\x1b[01m\x1b[Kangle_\x1b[m\x1b[K\xe2\x80\x99 was not declared in this scope\n'}
[1.620762] (lab1_pkg) StderrLine: {'line': b'   27 |             msg.drive.steering_angle = \x1b[01;31m\x1b[Kangle_\x1b[m\x1b[K;\n'}
[1.620849] (lab1_pkg) StderrLine: {'line': b'      |                                        \x1b[01;31m\x1b[K^~~~~~\x1b[m\x1b[K\n'}
[1.624733] (lab1_pkg) StderrLine: {'line': b'\x1b[01m\x1b[K/home/emanuel/UAH/TFG/ROS2-tutorial/lab_1/src/lab1_pkg/src/talker.cpp:29:13:\x1b[m\x1b[K \x1b[01;31m\x1b[Kerror: \x1b[m\x1b[K\xe2\x80\x98\x1b[01m\x1b[Kpublisher_\x1b[m\x1b[K\xe2\x80\x99 was not declared in this scope; did you mean \xe2\x80\x98\x1b[01m\x1b[Krmw_publisher_t\x1b[m\x1b[K\xe2\x80\x99?\n'}
[1.624938] (lab1_pkg) StderrLine: {'line': b'   29 |             \x1b[01;31m\x1b[Kpublisher_\x1b[m\x1b[K->publish(msg);\n'}
[1.625036] (lab1_pkg) StderrLine: {'line': b'      |             \x1b[01;31m\x1b[K^~~~~~~~~~\x1b[m\x1b[K\n'}
[1.625114] (lab1_pkg) StderrLine: {'line': b'      |             \x1b[32m\x1b[Krmw_publisher_t\x1b[m\x1b[K\n'}
[1.705221] (-) TimerEvent: {}
[1.805544] (-) TimerEvent: {}
[1.905982] (-) TimerEvent: {}
[2.006407] (-) TimerEvent: {}
[2.083323] (lab1_pkg) StderrLine: {'line': b'gmake[2]: *** [CMakeFiles/talker.dir/build.make:76: CMakeFiles/talker.dir/src/talker.cpp.o] Error 1\n'}
[2.083679] (lab1_pkg) StderrLine: {'line': b'gmake[1]: *** [CMakeFiles/Makefile2:139: CMakeFiles/talker.dir/all] Error 2\n'}
[2.083851] (lab1_pkg) StderrLine: {'line': b'gmake[1]: *** Waiting for unfinished jobs....\n'}
[2.106637] (-) TimerEvent: {}
[2.207060] (-) TimerEvent: {}
[2.307486] (-) TimerEvent: {}
[2.407901] (-) TimerEvent: {}
[2.508333] (-) TimerEvent: {}
[2.608739] (-) TimerEvent: {}
[2.709170] (-) TimerEvent: {}
[2.809589] (-) TimerEvent: {}
[2.910000] (-) TimerEvent: {}
[3.010286] (-) TimerEvent: {}
[3.110664] (-) TimerEvent: {}
[3.138263] (lab1_pkg) StderrLine: {'line': b'gmake[2]: *** [CMakeFiles/relay.dir/build.make:76: CMakeFiles/relay.dir/src/relay.cpp.o] Error 1\n'}
[3.138483] (lab1_pkg) StderrLine: {'line': b'gmake[1]: *** [CMakeFiles/Makefile2:165: CMakeFiles/relay.dir/all] Error 2\n'}
[3.138769] (lab1_pkg) StderrLine: {'line': b'gmake: *** [Makefile:146: all] Error 2\n'}
[3.140659] (lab1_pkg) CommandEnded: {'returncode': 2}
[3.147499] (lab1_pkg) JobEnded: {'identifier': 'lab1_pkg', 'rc': 2}
[3.158092] (-) EventReactorShutdown: {}
